2017-08-16 12:36:14,134 [INFO] from application in play-dev-mode-akka.actor.default-dispatcher-3 - Creating Pool for datasource 'default'
2017-08-16 12:36:14,275 [INFO] from play.api.db.HikariCPConnectionPool in play-dev-mode-akka.actor.default-dispatcher-3 - datasource [default] bound to JNDI as DefaultDS
2017-08-16 12:36:14,283 [INFO] from play.api.db.DefaultDBApi in play-dev-mode-akka.actor.default-dispatcher-3 - Database [default] connected at jdbc:h2:mem:play
2017-08-16 12:36:15,524 [WARN] from org.hibernate.tool.schema.internal.ExceptionHandlerLoggedImpl in play-dev-mode-akka.actor.default-dispatcher-3 - GenerationTarget encountered exception accepting command : Unable to execute command [create table Limit (id bigint not null, limitReached boolean not null, transferLimit decimal(19,2), transferredToday decimal(19,2), primary key (id))]
org.hibernate.tool.schema.spi.CommandAcceptanceException: Unable to execute command [create table Limit (id bigint not null, limitReached boolean not null, transferLimit decimal(19,2), transferredToday decimal(19,2), primary key (id))]
	at org.hibernate.tool.schema.internal.exec.GenerationTargetToDatabase.accept(GenerationTargetToDatabase.java:63)
	at org.hibernate.tool.schema.internal.SchemaMigratorImpl.applySqlString(SchemaMigratorImpl.java:573)
	at org.hibernate.tool.schema.internal.SchemaMigratorImpl.applySqlStrings(SchemaMigratorImpl.java:557)
	at org.hibernate.tool.schema.internal.SchemaMigratorImpl.createTable(SchemaMigratorImpl.java:345)
	at org.hibernate.tool.schema.internal.SchemaMigratorImpl.performMigration(SchemaMigratorImpl.java:257)
	at org.hibernate.tool.schema.internal.SchemaMigratorImpl.doMigration(SchemaMigratorImpl.java:137)
	at org.hibernate.tool.schema.internal.SchemaMigratorImpl.doMigration(SchemaMigratorImpl.java:110)
	at org.hibernate.tool.schema.spi.SchemaManagementToolCoordinator.performDatabaseAction(SchemaManagementToolCoordinator.java:176)
	at org.hibernate.tool.schema.spi.SchemaManagementToolCoordinator.process(SchemaManagementToolCoordinator.java:65)
	at org.hibernate.internal.SessionFactoryImpl.<init>(SessionFactoryImpl.java:308)
	at org.hibernate.boot.internal.SessionFactoryBuilderImpl.build(SessionFactoryBuilderImpl.java:476)
	at org.hibernate.jpa.boot.internal.EntityManagerFactoryBuilderImpl.build(EntityManagerFactoryBuilderImpl.java:888)
	at org.hibernate.jpa.HibernatePersistenceProvider.createEntityManagerFactory(HibernatePersistenceProvider.java:58)
	at javax.persistence.Persistence.createEntityManagerFactory(Persistence.java:55)
	at javax.persistence.Persistence.createEntityManagerFactory(Persistence.java:39)
	at play.db.jpa.DefaultJPAApi.lambda$start$1(DefaultJPAApi.java:61)
	at java.lang.Iterable.forEach(Iterable.java:75)
	at play.db.jpa.DefaultJPAApi.start(DefaultJPAApi.java:60)
	at play.db.jpa.DefaultJPAApi$JPAApiProvider.<init>(DefaultJPAApi.java:47)
	at play.db.jpa.DefaultJPAApi$JPAApiProvider$$FastClassByGuice$$dcd4cdbd.newInstance(<generated>)
	at com.google.inject.internal.DefaultConstructionProxyFactory$FastClassProxy.newInstance(DefaultConstructionProxyFactory.java:89)
	at com.google.inject.internal.ConstructorInjector.provision(ConstructorInjector.java:111)
	at com.google.inject.internal.ConstructorInjector.construct(ConstructorInjector.java:90)
	at com.google.inject.internal.ConstructorBindingImpl$Factory.get(ConstructorBindingImpl.java:268)
	at com.google.inject.internal.ProviderToInternalFactoryAdapter$1.call(ProviderToInternalFactoryAdapter.java:46)
	at com.google.inject.internal.InjectorImpl.callInContext(InjectorImpl.java:1092)
	at com.google.inject.internal.ProviderToInternalFactoryAdapter.get(ProviderToInternalFactoryAdapter.java:40)
	at com.google.inject.internal.SingletonScope$1.get(SingletonScope.java:194)
	at com.google.inject.internal.InternalFactoryToProviderAdapter.get(InternalFactoryToProviderAdapter.java:41)
	at com.google.inject.internal.BoundProviderFactory.get(BoundProviderFactory.java:61)
	at com.google.inject.internal.SingleParameterInjector.inject(SingleParameterInjector.java:38)
	at com.google.inject.internal.SingleParameterInjector.getAll(SingleParameterInjector.java:62)
	at com.google.inject.internal.ConstructorInjector.provision(ConstructorInjector.java:110)
	at com.google.inject.internal.ConstructorInjector.construct(ConstructorInjector.java:90)
	at com.google.inject.internal.ConstructorBindingImpl$Factory.get(ConstructorBindingImpl.java:268)
	at com.google.inject.internal.ProviderToInternalFactoryAdapter$1.call(ProviderToInternalFactoryAdapter.java:46)
	at com.google.inject.internal.InjectorImpl.callInContext(InjectorImpl.java:1092)
	at com.google.inject.internal.ProviderToInternalFactoryAdapter.get(ProviderToInternalFactoryAdapter.java:40)
	at com.google.inject.internal.SingletonScope$1.get(SingletonScope.java:194)
	at com.google.inject.internal.InternalFactoryToProviderAdapter.get(InternalFactoryToProviderAdapter.java:41)
	at com.google.inject.internal.InjectorImpl$1.get(InjectorImpl.java:759)
	at com.google.inject.internal.SingleParameterInjector.inject(SingleParameterInjector.java:38)
	at com.google.inject.internal.SingleParameterInjector.getAll(SingleParameterInjector.java:62)
	at com.google.inject.internal.ConstructorInjector.provision(ConstructorInjector.java:110)
	at com.google.inject.internal.ConstructorInjector.construct(ConstructorInjector.java:90)
	at com.google.inject.internal.ConstructorBindingImpl$Factory.get(ConstructorBindingImpl.java:268)
	at com.google.inject.internal.SingleParameterInjector.inject(SingleParameterInjector.java:38)
	at com.google.inject.internal.SingleParameterInjector.getAll(SingleParameterInjector.java:62)
	at com.google.inject.internal.ConstructorInjector.provision(ConstructorInjector.java:110)
	at com.google.inject.internal.ConstructorInjector.construct(ConstructorInjector.java:90)
	at com.google.inject.internal.ConstructorBindingImpl$Factory.get(ConstructorBindingImpl.java:268)
	at com.google.inject.internal.InjectorImpl$2$1.call(InjectorImpl.java:1019)
	at com.google.inject.internal.InjectorImpl.callInContext(InjectorImpl.java:1092)
	at com.google.inject.internal.InjectorImpl$2.get(InjectorImpl.java:1015)
	at com.google.inject.internal.InjectorImpl.getInstance(InjectorImpl.java:1054)
	at play.api.inject.guice.GuiceInjector.instanceOf(GuiceInjectorBuilder.scala:409)
	at play.api.inject.ContextClassLoaderInjector.$anonfun$instanceOf$3(Injector.scala:118)
	at play.api.inject.ContextClassLoaderInjector.withContext(Injector.scala:126)
	at play.api.inject.ContextClassLoaderInjector.instanceOf(Injector.scala:118)
	at play.api.inject.RoutesProvider.$anonfun$get$2(BuiltinModule.scala:104)
	at scala.Option.fold(Option.scala:158)
	at play.api.inject.RoutesProvider.get$lzycompute(BuiltinModule.scala:104)
	at play.api.inject.RoutesProvider.get(BuiltinModule.scala:100)
	at play.api.inject.RoutesProvider.get(BuiltinModule.scala:99)
	at com.google.inject.internal.ProviderInternalFactory.provision(ProviderInternalFactory.java:81)
	at com.google.inject.internal.BoundProviderFactory.provision(BoundProviderFactory.java:72)
	at com.google.inject.internal.ProviderInternalFactory.circularGet(ProviderInternalFactory.java:61)
	at com.google.inject.internal.BoundProviderFactory.get(BoundProviderFactory.java:62)
	at com.google.inject.internal.SingleParameterInjector.inject(SingleParameterInjector.java:38)
	at com.google.inject.internal.SingleParameterInjector.getAll(SingleParameterInjector.java:62)
	at com.google.inject.internal.ConstructorInjector.provision(ConstructorInjector.java:110)
	at com.google.inject.internal.ConstructorInjector.construct(ConstructorInjector.java:90)
	at com.google.inject.internal.ConstructorBindingImpl$Factory.get(ConstructorBindingImpl.java:268)
	at com.google.inject.internal.FactoryProxy.get(FactoryProxy.java:56)
	at com.google.inject.internal.SingleParameterInjector.inject(SingleParameterInjector.java:38)
	at com.google.inject.internal.SingleParameterInjector.getAll(SingleParameterInjector.java:62)
	at com.google.inject.internal.ConstructorInjector.provision(ConstructorInjector.java:110)
	at com.google.inject.internal.ConstructorInjector.construct(ConstructorInjector.java:90)
	at com.google.inject.internal.ConstructorBindingImpl$Factory.get(ConstructorBindingImpl.java:268)
	at com.google.inject.internal.ProviderToInternalFactoryAdapter$1.call(ProviderToInternalFactoryAdapter.java:46)
	at com.google.inject.internal.InjectorImpl.callInContext(InjectorImpl.java:1092)
	at com.google.inject.internal.ProviderToInternalFactoryAdapter.get(ProviderToInternalFactoryAdapter.java:40)
	at com.google.inject.internal.SingletonScope$1.get(SingletonScope.java:194)
	at com.google.inject.internal.InternalFactoryToProviderAdapter.get(InternalFactoryToProviderAdapter.java:41)
	at com.google.inject.internal.FactoryProxy.get(FactoryProxy.java:56)
	at com.google.inject.internal.InjectorImpl$2$1.call(InjectorImpl.java:1019)
	at com.google.inject.internal.InjectorImpl.callInContext(InjectorImpl.java:1085)
	at com.google.inject.internal.InjectorImpl$2.get(InjectorImpl.java:1015)
	at com.google.inject.internal.InjectorImpl.getInstance(InjectorImpl.java:1054)
	at play.api.inject.guice.GuiceInjector.instanceOf(GuiceInjectorBuilder.scala:409)
	at play.api.inject.guice.GuiceInjector.instanceOf(GuiceInjectorBuilder.scala:404)
	at play.api.inject.ContextClassLoaderInjector.$anonfun$instanceOf$2(Injector.scala:117)
	at play.api.inject.ContextClassLoaderInjector.withContext(Injector.scala:126)
	at play.api.inject.ContextClassLoaderInjector.instanceOf(Injector.scala:117)
	at play.api.inject.guice.GuiceApplicationBuilder.build(GuiceApplicationBuilder.scala:137)
	at play.api.inject.guice.GuiceApplicationLoader.load(GuiceApplicationLoader.scala:21)
	at play.core.server.DevServerStart$$anon$1.$anonfun$reload$3(DevServerStart.scala:174)
	at play.utils.Threads$.withContextClassLoader(Threads.scala:21)
	at play.core.server.DevServerStart$$anon$1.reload(DevServerStart.scala:171)
	at play.core.server.DevServerStart$$anon$1.get(DevServerStart.scala:124)
	at play.core.server.AkkaHttpServer.modelConversion(AkkaHttpServer.scala:183)
	at play.core.server.AkkaHttpServer.handleRequest(AkkaHttpServer.scala:189)
	at play.core.server.AkkaHttpServer.$anonfun$createServerBinding$3(AkkaHttpServer.scala:106)
	at akka.stream.impl.fusing.MapAsync$$anon$23.onPush(Ops.scala:1172)
	at akka.stream.impl.fusing.GraphInterpreter.processPush(GraphInterpreter.scala:499)
	at akka.stream.impl.fusing.GraphInterpreter.processEvent(GraphInterpreter.scala:462)
	at akka.stream.impl.fusing.GraphInterpreter.execute(GraphInterpreter.scala:368)
	at akka.stream.impl.fusing.GraphInterpreterShell.runBatch(ActorGraphInterpreter.scala:571)
	at akka.stream.impl.fusing.GraphInterpreterShell$AsyncInput.execute(ActorGraphInterpreter.scala:457)
	at akka.stream.impl.fusing.GraphInterpreterShell.processEvent(ActorGraphInterpreter.scala:546)
	at akka.stream.impl.fusing.ActorGraphInterpreter.akka$stream$impl$fusing$ActorGraphInterpreter$$processEvent(ActorGraphInterpreter.scala:725)
	at akka.stream.impl.fusing.ActorGraphInterpreter$$anonfun$receive$1.applyOrElse(ActorGraphInterpreter.scala:740)
	at akka.actor.Actor.aroundReceive(Actor.scala:514)
	at akka.actor.Actor.aroundReceive$(Actor.scala:512)
	at akka.stream.impl.fusing.ActorGraphInterpreter.aroundReceive(ActorGraphInterpreter.scala:650)
	at akka.actor.ActorCell.receiveMessage(ActorCell.scala:527)
	at akka.actor.ActorCell.invoke(ActorCell.scala:496)
	at akka.dispatch.Mailbox.processMailbox(Mailbox.scala:257)
	at akka.dispatch.Mailbox.run(Mailbox.scala:224)
	at akka.dispatch.Mailbox.exec(Mailbox.scala:234)
	at akka.dispatch.forkjoin.ForkJoinTask.doExec(ForkJoinTask.java:260)
	at akka.dispatch.forkjoin.ForkJoinPool$WorkQueue.runTask(ForkJoinPool.java:1339)
	at akka.dispatch.forkjoin.ForkJoinPool.runWorker(ForkJoinPool.java:1979)
	at akka.dispatch.forkjoin.ForkJoinWorkerThread.run(ForkJoinWorkerThread.java:107)
Caused by: org.h2.jdbc.JdbcSQLException: Syntax error in SQL statement "CREATE TABLE LIMIT[*] (ID BIGINT NOT NULL, LIMITREACHED BOOLEAN NOT NULL, TRANSFERLIMIT DECIMAL(19,2), TRANSFERREDTODAY DECIMAL(19,2), PRIMARY KEY (ID)) "; expected "identifier"; SQL statement:
create table Limit (id bigint not null, limitReached boolean not null, transferLimit decimal(19,2), transferredToday decimal(19,2), primary key (id)) [42001-194]
	at org.h2.message.DbException.getJdbcSQLException(DbException.java:345)
	at org.h2.message.DbException.getSyntaxError(DbException.java:205)
	at org.h2.command.Parser.readIdentifierWithSchema(Parser.java:3187)
	at org.h2.command.Parser.readIdentifierWithSchema(Parser.java:3218)
	at org.h2.command.Parser.parseCreateTable(Parser.java:6029)
	at org.h2.command.Parser.parseCreate(Parser.java:4302)
	at org.h2.command.Parser.parsePrepared(Parser.java:364)
	at org.h2.command.Parser.parse(Parser.java:319)
	at org.h2.command.Parser.parse(Parser.java:291)
	at org.h2.command.Parser.prepareCommand(Parser.java:256)
	at org.h2.engine.Session.prepareLocal(Session.java:564)
	at org.h2.engine.Session.prepareCommand(Session.java:505)
	at org.h2.jdbc.JdbcConnection.prepareCommand(JdbcConnection.java:1204)
	at org.h2.jdbc.JdbcStatement.executeInternal(JdbcStatement.java:170)
	at org.h2.jdbc.JdbcStatement.execute(JdbcStatement.java:158)
	at com.zaxxer.hikari.pool.ProxyStatement.execute(ProxyStatement.java:92)
	at com.zaxxer.hikari.pool.HikariProxyStatement.execute(HikariProxyStatement.java)
	at org.hibernate.tool.schema.internal.exec.GenerationTargetToDatabase.accept(GenerationTargetToDatabase.java:51)
	... 123 common frames omitted
2017-08-16 12:36:15,652 [INFO] from play.api.http.EnabledFilters in play-dev-mode-akka.actor.default-dispatcher-3 - Enabled Filters (see <https://www.playframework.com/documentation/latest/Filters>):

    play.filters.csrf.CSRFFilter
    play.filters.headers.SecurityHeadersFilter
    play.filters.hosts.AllowedHostsFilter

2017-08-16 12:36:15,688 [INFO] from play.api.Play in play-dev-mode-akka.actor.default-dispatcher-3 - Application started (Dev)
2017-08-16 12:36:15,861 [WARN] from play.api.mvc.DefaultJWTCookieDataCodec in play-dev-mode-akka.actor.default-dispatcher-3 - decode: cookie has invalid signature! message = JWT signature does not match locally computed signature. JWT validity cannot be asserted and should not be trusted.
2017-08-16 12:36:15,863 [INFO] from play.api.mvc.DefaultJWTCookieDataCodec in play-dev-mode-akka.actor.default-dispatcher-3 - The JWT signature in the cookie does not match the locally computed signature with the server.
This usually indicates the browser has a leftover cookie from another Play application,
so clearing cookies may resolve this error message.
2017-08-16 12:36:15,976 [ERROR] from application in play-dev-mode-akka.actor.default-dispatcher-3 - 

! @7530hk888 - Internal server error, for (GET) [/] ->
 
play.api.http.HttpErrorHandlerExceptions$$anon$1: Execution exception[[RuntimeException: No EntityManager found in the context. Try to annotate your action method with @play.db.jpa.Transactional]]
	at play.api.http.HttpErrorHandlerExceptions$.throwableToUsefulException(HttpErrorHandler.scala:255)
	at play.api.http.DefaultHttpErrorHandler.onServerError(HttpErrorHandler.scala:182)
	at play.core.server.AkkaHttpServer$$anonfun$$nestedInanonfun$executeHandler$1$1.applyOrElse(AkkaHttpServer.scala:251)
	at play.core.server.AkkaHttpServer$$anonfun$$nestedInanonfun$executeHandler$1$1.applyOrElse(AkkaHttpServer.scala:250)
	at scala.concurrent.Future.$anonfun$recoverWith$1(Future.scala:412)
	at scala.concurrent.impl.Promise.$anonfun$transformWith$1(Promise.scala:37)
	at scala.concurrent.impl.CallbackRunnable.run(Promise.scala:60)
	at play.api.libs.streams.Execution$trampoline$.execute(Execution.scala:70)
	at scala.concurrent.impl.CallbackRunnable.executeWithValue(Promise.scala:68)
	at scala.concurrent.impl.Promise$DefaultPromise.dispatchOrAddCallback(Promise.scala:312)
	at scala.concurrent.impl.Promise$DefaultPromise.onComplete(Promise.scala:303)
	at scala.concurrent.impl.Promise.transformWith(Promise.scala:36)
	at scala.concurrent.impl.Promise.transformWith$(Promise.scala:34)
	at scala.concurrent.impl.Promise$DefaultPromise.transformWith(Promise.scala:183)
	at scala.concurrent.Future.recoverWith(Future.scala:411)
	at scala.concurrent.Future.recoverWith$(Future.scala:410)
	at scala.concurrent.impl.Promise$DefaultPromise.recoverWith(Promise.scala:183)
	at play.api.libs.streams.StrictAccumulator.$anonfun$recoverWith$3(Accumulator.scala:194)
	at scala.Function1.$anonfun$andThen$1(Function1.scala:52)
	at play.api.libs.streams.StrictAccumulator.run(Accumulator.scala:207)
	at play.core.server.AkkaHttpServer.executeAction(AkkaHttpServer.scala:297)
	at play.core.server.AkkaHttpServer.executeHandler(AkkaHttpServer.scala:254)
	at play.core.server.AkkaHttpServer.handleRequest(AkkaHttpServer.scala:200)
	at play.core.server.AkkaHttpServer.$anonfun$createServerBinding$3(AkkaHttpServer.scala:106)
	at akka.stream.impl.fusing.MapAsync$$anon$23.onPush(Ops.scala:1172)
	at akka.stream.impl.fusing.GraphInterpreter.processPush(GraphInterpreter.scala:499)
	at akka.stream.impl.fusing.GraphInterpreter.processEvent(GraphInterpreter.scala:462)
	at akka.stream.impl.fusing.GraphInterpreter.execute(GraphInterpreter.scala:368)
	at akka.stream.impl.fusing.GraphInterpreterShell.runBatch(ActorGraphInterpreter.scala:571)
	at akka.stream.impl.fusing.GraphInterpreterShell$AsyncInput.execute(ActorGraphInterpreter.scala:457)
	at akka.stream.impl.fusing.GraphInterpreterShell.processEvent(ActorGraphInterpreter.scala:546)
	at akka.stream.impl.fusing.ActorGraphInterpreter.akka$stream$impl$fusing$ActorGraphInterpreter$$processEvent(ActorGraphInterpreter.scala:725)
	at akka.stream.impl.fusing.ActorGraphInterpreter$$anonfun$receive$1.applyOrElse(ActorGraphInterpreter.scala:740)
	at akka.actor.Actor.aroundReceive(Actor.scala:514)
	at akka.actor.Actor.aroundReceive$(Actor.scala:512)
	at akka.stream.impl.fusing.ActorGraphInterpreter.aroundReceive(ActorGraphInterpreter.scala:650)
	at akka.actor.ActorCell.receiveMessage(ActorCell.scala:527)
	at akka.actor.ActorCell.invoke(ActorCell.scala:496)
	at akka.dispatch.Mailbox.processMailbox(Mailbox.scala:257)
	at akka.dispatch.Mailbox.run(Mailbox.scala:224)
	at akka.dispatch.Mailbox.exec(Mailbox.scala:234)
	at akka.dispatch.forkjoin.ForkJoinTask.doExec(ForkJoinTask.java:260)
	at akka.dispatch.forkjoin.ForkJoinPool$WorkQueue.runTask(ForkJoinPool.java:1339)
	at akka.dispatch.forkjoin.ForkJoinPool.runWorker(ForkJoinPool.java:1979)
	at akka.dispatch.forkjoin.ForkJoinWorkerThread.run(ForkJoinWorkerThread.java:107)
Caused by: java.lang.RuntimeException: No EntityManager found in the context. Try to annotate your action method with @play.db.jpa.Transactional
	at play.db.jpa.JPAEntityManagerContext.em(JPAEntityManagerContext.java:33)
	at play.db.jpa.DefaultJPAApi.em(DefaultJPAApi.java:85)
	at models.JPACustomerRepository.add(JPACustomerRepository.java:27)
	at controllers.HomeController.index(HomeController.java:30)
	at router.Routes$$anonfun$routes$1.$anonfun$applyOrElse$2(Routes.scala:94)
	at play.core.routing.HandlerInvokerFactory$$anon$3.resultCall(HandlerInvoker.scala:136)
	at play.core.routing.HandlerInvokerFactory$$anon$3.resultCall(HandlerInvoker.scala:135)
	at play.core.routing.HandlerInvokerFactory$JavaActionInvokerFactory$$anon$8$$anon$2$$anon$1.invocation(HandlerInvoker.scala:110)
	at play.core.j.JavaAction$$anon$1.call(JavaAction.scala:78)
	at play.http.DefaultActionCreator$1.call(DefaultActionCreator.java:31)
	at play.core.j.JavaAction.$anonfun$apply$2(JavaAction.scala:113)
	at scala.concurrent.Future$.$anonfun$apply$1(Future.scala:653)
	at scala.util.Success.$anonfun$map$1(Try.scala:251)
	at scala.util.Success.map(Try.scala:209)
	at scala.concurrent.Future.$anonfun$map$1(Future.scala:287)
	at scala.concurrent.impl.Promise.liftedTree1$1(Promise.scala:29)
	at scala.concurrent.impl.Promise.$anonfun$transform$1(Promise.scala:29)
	at scala.concurrent.impl.CallbackRunnable.run(Promise.scala:60)
	at play.core.j.HttpExecutionContext$$anon$2.run(HttpExecutionContext.scala:56)
	at play.api.libs.streams.Execution$trampoline$.execute(Execution.scala:70)
	at play.core.j.HttpExecutionContext.execute(HttpExecutionContext.scala:48)
	at scala.concurrent.impl.CallbackRunnable.executeWithValue(Promise.scala:68)
	at scala.concurrent.impl.Promise$KeptPromise$Kept.onComplete(Promise.scala:368)
	at scala.concurrent.impl.Promise$KeptPromise$Kept.onComplete$(Promise.scala:367)
	at scala.concurrent.impl.Promise$KeptPromise$Successful.onComplete(Promise.scala:375)
	at scala.concurrent.impl.Promise.transform(Promise.scala:29)
	at scala.concurrent.impl.Promise.transform$(Promise.scala:27)
	at scala.concurrent.impl.Promise$KeptPromise$Successful.transform(Promise.scala:375)
	at scala.concurrent.Future.map(Future.scala:287)
	at scala.concurrent.Future.map$(Future.scala:287)
	at scala.concurrent.impl.Promise$KeptPromise$Successful.map(Promise.scala:375)
	at scala.concurrent.Future$.apply(Future.scala:653)
	at play.core.j.JavaAction.apply(JavaAction.scala:113)
	at play.api.mvc.Action.$anonfun$apply$2(Action.scala:96)
	at play.api.libs.streams.StrictAccumulator.$anonfun$mapFuture$4(Accumulator.scala:174)
	at scala.util.Try$.apply(Try.scala:209)
	at play.api.libs.streams.StrictAccumulator.$anonfun$mapFuture$3(Accumulator.scala:174)
	at scala.Function1.$anonfun$andThen$1(Function1.scala:52)
	at scala.Function1.$anonfun$andThen$1(Function1.scala:52)
	at scala.Function1.$anonfun$andThen$1(Function1.scala:52)
	... 27 common frames omitted
2017-08-16 12:40:48,238 [INFO] from play.core.server.AkkaHttpServer in pool-5-thread-9 - Stopping server...
2017-08-16 12:40:48,275 [INFO] from application in pool-5-thread-9 - Shutting down connection pool.
